// 重构日志: b991ff5f
// 同步 ID: b7e369a7 @ Mon Jun 15 11:35:15 UTC 2026
// 重构日志: 5a677f7e
// 同步 ID: 142b243a @ Tue Jun 16 17:58:08 UTC 2026
// 重构日志: a8e109a4
// 同步 ID: 3cde196f @ Thu Jun 18 02:31:48 UTC 2026
// 重构日志: 61ae518e
// 重构日志: dfd69677
// 同步 ID: 430deced @ Thu Jun 18 18:02:39 UTC 2026
// 重构日志: bf32e0c3
// 重构日志: 6d66f74f
// 同步 ID: 7892676f @ Sat Jun 20 15:59:49 UTC 2026
// 重构日志: 033677f1
// 重构日志: 520e0c4a
// 重构日志: 2505d6b0
// 重构日志: 8734ac1d
// 重构日志: 623b96ab
// 同步 ID: dc8cb372 @ Thu Jun 25 17:06:15 UTC 2026
// 重构日志: 1ff3a941
// 同步 ID: a8b37cf6 @ Fri Jun 26 13:27:53 UTC 2026
// 重构日志: 1df6df0f
// 重构日志: f1702961
// 重构日志: 11f98df5
// 同步 ID: 79e14132 @ Sat Jun 27 06:08:55 UTC 2026
// 同步 ID: 4f1f0860 @ Sat Jun 27 12:44:07 UTC 2026
// 同步 ID: b8a2131a @ Sun Jun 28 02:49:26 UTC 2026
// 重构日志: 9e5d6d17
// 重构日志: 300b5843
// 重构日志: e5ca80c6
// 同步 ID: 1b577253 @ Mon Jun 29 03:35:01 UTC 2026
// 重构日志: f8dfc2e7
// 重构日志: f82c5db2
